2563-03-13 00:36:38,840 [Worker-5: Loading available Gradle versions] INFO  o.e.b.c.i.u.g.PublishedGradleVersions - Gradle version information cache is up-to-date. Trying to read.
2563-03-13 13:35:04,498 [Worker-2: Loading available Gradle versions] INFO  o.e.b.c.i.u.g.PublishedGradleVersions - Gradle version information cache is out-of-date. Trying to update.
2563-03-13 13:52:32,183 [Worker-11: Creating project "hibernate-helloworld"] INFO  o.e.m.c.i.e.AbstractTransferListenerAdapter - Downloading https://repo.maven.apache.org/maven2/org/apache/maven/plugins/maven-jar-plugin/2.4/maven-jar-plugin-2.4.jar
2563-03-13 13:52:32,789 [Worker-11: Creating project "hibernate-helloworld"] INFO  o.e.m.c.i.e.AbstractTransferListenerAdapter - Downloaded https://repo.maven.apache.org/maven2/org/apache/maven/plugins/maven-jar-plugin/2.4/maven-jar-plugin-2.4.jar
2563-03-13 13:52:36,780 [Worker-11: Creating project "hibernate-helloworld"] INFO  o.e.m.c.i.l.LifecycleMappingFactory - Using org.eclipse.m2e.jdt.JarLifecycleMapping lifecycle mapping for MavenProject: com.itgenius:hibernate-helloworld:0.0.1-SNAPSHOT @ C:\Users\samit\OneDrive\Desktop\BasicJava\Hibernate\hibernate-helloworld\pom.xml.
2563-03-13 13:52:38,218 [Worker-11: Creating project "hibernate-helloworld"] INFO  o.e.m.c.i.e.AbstractTransferListenerAdapter - Downloading https://repo.maven.apache.org/maven2/org/apache/maven/plugins/maven-jar-plugin/2.4/maven-jar-plugin-2.4.pom
2563-03-13 13:52:38,495 [Worker-11: Creating project "hibernate-helloworld"] INFO  o.e.m.c.i.e.AbstractTransferListenerAdapter - Downloaded https://repo.maven.apache.org/maven2/org/apache/maven/plugins/maven-jar-plugin/2.4/maven-jar-plugin-2.4.pom
2563-03-13 13:52:39,134 [Worker-11: Creating project "hibernate-helloworld"] INFO  o.e.m.c.i.e.AbstractTransferListenerAdapter - Downloading https://repo.maven.apache.org/maven2/commons-lang/commons-lang/2.1/commons-lang-2.1.pom
2563-03-13 13:52:39,458 [Worker-11: Creating project "hibernate-helloworld"] INFO  o.e.m.c.i.e.AbstractTransferListenerAdapter - Downloaded https://repo.maven.apache.org/maven2/commons-lang/commons-lang/2.1/commons-lang-2.1.pom
2563-03-13 13:52:39,768 [Worker-11: Creating project "hibernate-helloworld"] INFO  o.e.m.c.i.e.AbstractTransferListenerAdapter - Downloading https://repo.maven.apache.org/maven2/classworlds/classworlds/1.1-alpha-2/classworlds-1.1-alpha-2.jar
2563-03-13 13:52:41,360 [Worker-11: Creating project "hibernate-helloworld"] INFO  o.e.m.c.i.e.AbstractTransferListenerAdapter - Downloaded https://repo.maven.apache.org/maven2/classworlds/classworlds/1.1-alpha-2/classworlds-1.1-alpha-2.jar
2563-03-13 13:52:41,619 [Worker-11: Creating project "hibernate-helloworld"] INFO  o.e.m.c.i.e.AbstractTransferListenerAdapter - Downloading https://repo.maven.apache.org/maven2/commons-lang/commons-lang/2.1/commons-lang-2.1.jar
2563-03-13 13:52:42,585 [Worker-11: Creating project "hibernate-helloworld"] INFO  o.e.m.c.i.e.AbstractTransferListenerAdapter - Downloaded https://repo.maven.apache.org/maven2/commons-lang/commons-lang/2.1/commons-lang-2.1.jar
2563-03-13 13:52:44,235 [Worker-11: Creating project "hibernate-helloworld"] INFO  o.e.m.j.i.AbstractJavaProjectConfigurator - Adding source folder /hibernate-helloworld/src/main/java
2563-03-13 13:52:44,237 [Worker-11: Creating project "hibernate-helloworld"] INFO  o.e.m.j.i.AbstractJavaProjectConfigurator - Adding resource folder /hibernate-helloworld/src/main/resources
2563-03-13 13:52:44,238 [Worker-11: Creating project "hibernate-helloworld"] INFO  o.e.m.j.i.AbstractJavaProjectConfigurator - Adding source folder /hibernate-helloworld/src/test/java
2563-03-13 13:52:44,239 [Worker-11: Creating project "hibernate-helloworld"] INFO  o.e.m.j.i.AbstractJavaProjectConfigurator - Adding resource folder /hibernate-helloworld/src/test/resources
2563-03-13 13:52:44,854 [Worker-7: Building workspace] WARN  o.e.m.c.i.embedder.EclipseLogger - Using platform encoding (MS874 actually) to copy filtered resources, i.e. build is platform dependent!
2563-03-13 13:52:44,871 [Worker-7: Building workspace] INFO  o.e.m.c.i.embedder.EclipseLogger - Copying 0 resource
2563-03-13 13:52:44,874 [Worker-7: Building workspace] WARN  o.e.m.c.i.embedder.EclipseLogger - Using platform encoding (MS874 actually) to copy filtered resources, i.e. build is platform dependent!
2563-03-13 13:52:44,885 [Worker-7: Building workspace] INFO  o.e.m.c.i.embedder.EclipseLogger - Copying 0 resource
